<?xml version="1.0" encoding="UTF-8"?>
<!-- Generated by org.testng.reporters.JUnitReportReporter -->
<testsuite hostname="DESKTOP-SCKABHO" failures="0" tests="1" name="TestClass.ScrollTesting" time="61.853" errors="0" timestamp="2023-01-19T20:10:36 BDT" skipped="0">
  <testcase classname="TestClass.ScrollTesting" name="scrollPageTesting" time="61.853"/>
  <system-out/>
</testsuite> <!-- TestClass.ScrollTesting -->
